<?xml version="1.0" encoding="UTF-8"?>
<testsuite name="Selenium_PageObjectModel"
           tests="2"
           failures="0"
           errors="0"
           skipped="0"
           time="14.224">
    <properties></properties>



            <testcase
                name="navigate_to_homepage_click_on_getstarted"
                time="3.632"
                classname="testcases.TestNumberOne">
            </testcase>
            <testcase
                name="enter_userDetails"
                time="10.592"
                classname="testcases.TestNumberOne">
            </testcase>
</testsuite>
